00:00:00 Starting execution as:
00:00:00 C:\Users\kswillic\Documents\nextnano_update_NUSOD\nextnano\2017_07_24\nextnano++\bin 64bit\nextnano++_Intel_64bit.exe --license C:\Users\kswillic\Documents\nextnano\License\license (1).txt --outputdirectory C:\Users\kswillic\Documents\nextnano\Output\TEMPLATE_5Gate_Dop_1.358E15_noRGrid_V1_0.100_V2_0.200_V3_0.200_V4_0.200_V5_0.100 --noautooutdir C:\Users\kswillic\Desktop\Brandon\Shuttling Simulations\TEMPLATE_5Gate_InputFiles\TEMPLATE_5Gate_Dop_1.358E15_noRGrid_V1_0.100_V2_0.200_V3_0.200_V4_0.200_V5_0.100.in 
00:00:00 
00:00:00 nextnano++ (1.4.1) Jun 30 2017
00:00:00 ===========================================================================
00:00:00 COPYRIGHT NOTICE                                                           
00:00:00 ===========================================================================
00:00:00 Please read the file 'copyright_nextnano++.txt' in your installation folder
00:00:00 for further information about source code of third parties that is used    
00:00:00 in the nextnano++ code.                                                    
00:00:00 ===========================================================================
00:00:00 
00:00:00 
00:00:00 =============================================================================
00:00:00  PROCESSING FILE: C:\Users\kswillic\Desktop\Brandon\Shuttling Simulations\TEMPLATE_5Gate_InputFiles\TEMPLATE_5Gate_Dop_1.358E15_noRGrid_V1_0.100_V2_0.200_V3_0.200_V4_0.200_V5_0.100.in
00:00:00 =============================================================================
00:00:00 
00:00:00 Preparing input validator...
00:00:00 Reading input file (C:\Users\kswillic\Desktop\Brandon\Shuttling Simulations\TEMPLATE_5Gate_InputFiles\TEMPLATE_5Gate_Dop_1.358E15_noRGrid_V1_0.100_V2_0.200_V3_0.200_V4_0.200_V5_0.100.in)...
00:00:00 
00:00:00 WARNING: No database defined. Using default one.
00:00:00 
00:00:00 Preparing database validator...
00:00:00 Reading database file (C:\Users\kswillic\Documents\nextnano_update_NUSOD\nextnano\2017_07_24\nextnano++\bin 64bit\..\Syntax\database_nnp.in)...
00:00:00 This license file is specified: C:\Users\kswillic\Documents\nextnano\License\license (1).txt
00:00:00  Reading in license file: C:\Users\kswillic\Documents\nextnano\License\license (1).txt
00:00:00 
00:00:00  ----------------------------------------------------------
00:00:00  License issued to:
00:00:00  First name(s):  Zbigniew
00:00:00  Last name(s):   Wasilewski
00:00:00  Organization:   University of Waterloo
00:00:00  Country:        Canada
00:00:00  email:          zwasilewski@uwaterloo.ca
00:00:00 
00:00:00  License valid until expiry date:
00:00:00  Date: 2019-02-21
00:00:00  License issued:
00:00:00  Date: 2018-02-08
00:00:00 
00:00:00  NOTE: Your license will expire in 16 days.
00:00:00  Found valid license.
00:00:00  ----------------------------------------------------------
00:00:00 
00:00:00 
00:00:00 ********* SETUP SIMULATION *****************************************************
00:00:00 
00:00:00 ********* Rotation Matrix *********
00:00:00  1.0000000,  0.0000000,  0.0000000
00:00:00  0.0000000,  1.0000000,  0.0000000
00:00:00  0.0000000,  0.0000000,  1.0000000
00:00:00 ***********************************
00:00:00 
00:00:00 ********* Simulation Grid *********   Gridsize: 103 * 35 * 78 = 281190
00:00:00 
00:00:00 Start initializing structure.
00:00:00 Finished initializing structure.
00:00:00 Structure initialization time: 0.096[s]
00:00:00 
00:00:00 ***** Quantum Subgrid ******     
00:00:00 Gridsize: 103 * 35 * 6 = 21630
00:00:00 
00:00:00 ********* STRUCTURE OUTPUT *****************************************************
00:00:00 
00:00:00 ********* START CALCULATION ****************************************************
00:00:00 
00:00:00 Determine dirichlet points from contacts...
00:00:01 Intrinsic charge time: 0.505[s]
00:00:01 
00:00:01 Discretizing Poisson equation...
00:00:01 
00:00:01 
00:00:01 ========= STARTING FIRST BIAS SWEEP STEP =======================================
00:00:01 GateContact_1 0.1 V   GateContact_2 0.2 V   GateContact_3 0.2 V   GateContact_4 0.2 V   GateContact_5 0.1 V   SiContact 0 V   
00:00:01 
00:00:01 Determine Fermi level dirichlet values in contacts...
00:00:01 Initialize Fermi levels...
00:00:01      cg started:   0.000000000000000E+000 -9.999999999999997E-007        1000
00:00:01            1  0.929837284881085     
00:00:01            2  0.118555272371235     
00:00:01            3  0.108564790523218     
00:00:01            4  6.901088937220286E-002
00:00:01            5  5.057249829982932E-002
00:00:01            6  3.640033409637897E-002
00:00:01            7  2.836445550346428E-002
00:00:01            8  2.055135790155057E-002
00:00:01            9  1.478643948042957E-002
00:00:01           10  1.150491289555717E-002
00:00:01           11  8.407488229456823E-003
00:00:01           12  5.263177209280082E-003
00:00:01           13  4.051650763508635E-003
00:00:01           14  2.630360667446152E-003
00:00:01           15  1.796701782173650E-003
00:00:01           16  1.394458729269280E-003
00:00:01           17  8.574981900321368E-004
00:00:01           18  6.365173798831451E-004
00:00:01           19  4.635027785191820E-004
00:00:01           20  3.192418625962560E-004
00:00:01           21  2.144914894804576E-004
00:00:01           22  1.259238069808113E-004
00:00:01           23  8.324932090413921E-005
00:00:01           24  5.673652815973256E-005
00:00:01           25  3.507077551035286E-005
00:00:01           26  2.182841655555928E-005
00:00:01           27  1.440823125482122E-005
00:00:01           28  9.161030465584910E-006
00:00:01           29  6.027010287984826E-006
00:00:01           30  3.916294340508157E-006
00:00:01           31  2.546713100334466E-006
00:00:01           32  1.624129127995230E-006
00:00:01           33  1.068787913572311E-006
00:00:01           34  1.039859714879622E-006
00:00:01           35  5.586272303640244E-007
00:00:01           36  3.520262576349662E-007
00:00:01     cg matmuls:           36
00:00:01     cg residual (rel,abs):   3.785890965643373E-007  3.811508674234076E-007
00:00:01 Fermi level initialization time: 0.481[s]
00:00:01 Initialize contacts as charge neutral...
00:00:01 Determine Potential Dirichlet values in Schottky contacts...
00:00:01 Update contact discretization in Poisson equation...
00:00:01 
00:00:01 Initialize electrostatic potential...
00:00:03 Charge Neutrality time: 1.28[s]
00:00:03 
00:00:03 Solving nonlinear Poisson equation...
00:00:03   Newton step: 1	17317321.5
00:00:04     cg matmuls:           73
00:00:04     cg residual (rel,abs):   5.716323451224519E-012  1.654585780325646E-007
00:00:04     line search step: 	1 	23956743.3
00:00:04     line search step: 	0.5 	12422929.4
00:00:05     line search step: 	0.25 	13436841.8
00:00:05   Newton step: 2	12422929.4
00:00:05     cg matmuls:           62
00:00:05     cg residual (rel,abs):   6.721915191428735E-012  1.749042075318625E-007
00:00:06     line search step: 	1 	2395234.96
00:00:06   Newton step: 3	2395234.96
00:00:06     cg matmuls:           53
00:00:06     cg residual (rel,abs):   2.314843664863610E-011  1.520289511126681E-007
00:00:07     line search step: 	1 	467473.872
00:00:07   Newton step: 4	467473.872
00:00:07     cg matmuls:           51
00:00:07     cg residual (rel,abs):   8.045709323773406E-011  1.382846549045736E-007
00:00:08     line search step: 	1 	99764.4688
00:00:08   Newton step: 5	99764.4688
00:00:08     cg matmuls:           49
00:00:08     cg residual (rel,abs):   3.588893888140773E-010  1.800734059696772E-007
00:00:09     line search step: 	1 	20985.8429
00:00:09   Newton step: 6	20985.8429
00:00:09     cg matmuls:           50
00:00:09     cg residual (rel,abs):   8.397366590644474E-010  1.152928475405786E-007
00:00:10     line search step: 	1 	3995.06625
00:00:10   Newton step: 7	3995.06625
00:00:10     cg matmuls:           53
00:00:10     cg residual (rel,abs):   2.641043804973194E-009  1.168589095994577E-007
00:00:11     line search step: 	1 	763.794834
00:00:11   Newton step: 8	763.794834
00:00:11     cg matmuls:           57
00:00:11     cg residual (rel,abs):   3.677058764579389E-009  1.557113849117216E-007
00:00:12     line search step: 	1 	174.930278
00:00:12   Newton step: 9	174.930278
00:00:12     cg matmuls:           66
00:00:12     cg residual (rel,abs):   2.237279835782238E-009  1.363384329997539E-007
00:00:13     line search step: 	1 	91.2042484
00:00:13   Newton step: 10	91.2042484
00:00:14     cg matmuls:           81
00:00:14     cg residual (rel,abs):   1.666913312653054E-009  1.374903062604799E-007
00:00:14     line search step: 	1 	66.3061659
00:00:14   Newton step: 11	66.3061659
00:00:15     cg matmuls:          108
00:00:15     cg residual (rel,abs):   1.419333355570155E-009  1.683379648024635E-007
00:00:15     line search step: 	1 	53.0080514
00:00:15   Newton step: 12	53.0080514
00:00:16     cg matmuls:          131
00:00:16     cg residual (rel,abs):   6.723811736807755E-010  1.089375657785689E-007
00:00:17     line search step: 	1 	53.9056714
00:00:17     line search step: 	0.5 	37.6255188
00:00:17     line search step: 	0.25 	41.7340681
00:00:17   Newton step: 13	37.6255188
00:00:19     cg matmuls:          150
00:00:19     cg residual (rel,abs):   7.673144667898759E-010  1.631803186623074E-007
00:00:19     line search step: 	1 	112.714939
00:00:19     line search step: 	0.5 	59.5822571
00:00:20     line search step: 	0.25 	39.9889159
00:00:20     line search step: 	0.125 	35.8385202
00:00:20     line search step: 	0.0625 	36.0063262
00:00:20   Newton step: 14	35.8385202
00:00:22     cg matmuls:          177
00:00:22     cg residual (rel,abs):   4.255815819282754E-010  1.461841477507407E-007
00:00:22     line search step: 	1 	104.907837
00:00:22     line search step: 	0.5 	55.4867793
00:00:23     line search step: 	0.25 	37.5722604
00:00:23     line search step: 	0.125 	33.9812829
00:00:23     line search step: 	0.0625 	34.2058023
00:00:23   Newton step: 15	33.9812829
00:00:25     cg matmuls:          220
00:00:25     cg residual (rel,abs):   2.296437341917328E-010  1.530302228169266E-007
00:00:25     line search step: 	1 	99.2096695
00:00:26     line search step: 	0.5 	52.432701
00:00:26     line search step: 	0.25 	35.5183385
00:00:26     line search step: 	0.125 	32.1748897
00:00:26     line search step: 	0.0625 	32.4184209
00:00:26   Newton step: 16	32.1748897
00:00:28     cg matmuls:          246
00:00:28     cg residual (rel,abs):   1.900401542168413E-010  1.583332390168150E-007
00:00:29     line search step: 	1 	97.1660184
00:00:29     line search step: 	0.5 	51.1422178
00:00:29     line search step: 	0.25 	34.1914331
00:00:30     line search step: 	0.125 	30.6186011
00:00:30     line search step: 	0.0625 	30.7553381
00:00:30   Newton step: 17	30.6186011
00:00:32     cg matmuls:          279
00:00:32     cg residual (rel,abs):   1.238136893632575E-010  1.149384633027743E-007
00:00:32     line search step: 	1 	97.0265248
00:00:33     line search step: 	0.5 	50.8452669
00:00:33     line search step: 	0.25 	33.3525125
00:00:33     line search step: 	0.125 	29.3760085
00:00:33     line search step: 	0.0625 	29.3213464
00:00:34     line search step: 	0.03125 	29.805211
00:00:34   Newton step: 18	29.3213464
00:00:36     cg matmuls:          347
00:00:36     cg residual (rel,abs):   1.310878866621043E-010  1.666010163104650E-007
00:00:37     line search step: 	1 	10.4516487
00:00:37   Newton step: 19	10.4516487
00:00:39     cg matmuls:          336
00:00:39     cg residual (rel,abs):   4.988076075719156E-010  1.706391183341324E-007
00:00:39     line search step: 	1 	4.32726997
00:00:39   Newton step: 20	4.32726997
00:00:42     cg matmuls:          343
00:00:42     cg residual (rel,abs):   1.285555171227734E-009  1.463425831004774E-007
00:00:42     line search step: 	1 	3.81076936
00:00:42   Newton step: 21	3.81076936
00:00:45     cg matmuls:          368
00:00:45     cg residual (rel,abs):   4.008598472027810E-010  1.319024604297936E-007
00:00:45     line search step: 	1 	135112.512
00:00:45     line search step: 	0.5 	23139.2568
00:00:46     line search step: 	0.25 	6319.91526
00:00:46     line search step: 	0.125 	1651.74276
00:00:46     line search step: 	0.0625 	423.527765
00:00:46     line search step: 	0.03125 	126.387696
00:00:47     line search step: 	0.015625 	30.9785856
00:00:47     line search step: 	0.0078125 	5.33482182
00:00:47     line search step: 	0.00390625 	3.79612075
00:00:48     line search step: 	0.001953125 	3.80332907
00:00:48   Newton step: 22	3.79612075
00:00:50     cg matmuls:          359
00:00:50     cg residual (rel,abs):   6.309531566481616E-010  1.606184920600346E-007
00:00:51     line search step: 	1 	76285.6003
00:00:51     line search step: 	0.5 	7067.65271
00:00:51     line search step: 	0.25 	1549.21154
00:00:51     line search step: 	0.125 	162.986235
00:00:52     line search step: 	0.0625 	10.2447917
00:00:52     line search step: 	0.03125 	4.03294734
00:00:52     line search step: 	0.015625 	3.74301632
00:00:53     line search step: 	0.0078125 	3.766967
00:00:53   Newton step: 23	3.74301632
00:00:55     cg matmuls:          352
00:00:55     cg residual (rel,abs):   6.722151543086526E-010  1.460907893262655E-007
00:00:55     line search step: 	1 	71673.2139
00:00:56     line search step: 	0.5 	6300.75242
00:00:56     line search step: 	0.25 	1435.06491
00:00:56     line search step: 	0.125 	183.770033
00:00:57     line search step: 	0.0625 	2.66747184
00:00:57     line search step: 	0.03125 	2.73913884
00:00:57   Newton step: 24	2.66747184
00:00:59     cg matmuls:          332
00:00:59     cg residual (rel,abs):   1.636049003752028E-009  1.789263997845645E-007
00:01:00     line search step: 	1 	3.03067968
00:01:00     line search step: 	0.5 	1.49847874
00:01:00     line search step: 	0.25 	2.00698947
00:01:00   Newton step: 25	1.49847874
00:01:03     cg matmuls:          339
00:01:03     cg residual (rel,abs):   2.353774044844731E-009  1.736549928693755E-007
00:01:03     line search step: 	1 	4.96878678
00:01:03     line search step: 	0.5 	3.15726228
00:01:04     line search step: 	0.25 	1.6021872
00:01:04     line search step: 	0.125 	1.36271453
00:01:04     line search step: 	0.0625 	1.421101
00:01:04   Newton step: 26	1.36271453
00:01:07     cg matmuls:          349
00:01:07     cg residual (rel,abs):   1.797117932180903E-009  1.296015042523272E-007
00:01:07     line search step: 	1 	4.88142913
00:01:07     line search step: 	0.5 	3.1712854
00:01:08     line search step: 	0.25 	1.6817085
00:01:08     line search step: 	0.125 	1.55395092
00:01:08     line search step: 	0.0625 	1.50022256
00:01:08     line search step: 	0.03125 	1.47152466
00:01:09     line search step: 	0.015625 	1.38023687
00:01:09     line search step: 	0.0078125 	1.36268598
00:01:09     line search step: 	0.00390625 	1.35700667
00:01:10     line search step: 	0.001953125 	1.36035747
00:01:10   Newton step: 27	1.35700667
00:01:12     cg matmuls:          322
00:01:12     cg residual (rel,abs):   2.175895691038149E-008  1.798448384219579E-007
00:01:12     line search step: 	1 	8.42085199
00:01:12     line search step: 	0.5 	4.17109164
00:01:13     line search step: 	0.25 	2.4012628
00:01:13     line search step: 	0.125 	1.71632414
00:01:13     line search step: 	0.0625 	1.37552123
00:01:14     line search step: 	0.03125 	1.30207496
00:01:14     line search step: 	0.015625 	1.32859088
00:01:14   Newton step: 28	1.30207496
00:01:16     cg matmuls:          314
00:01:16     cg residual (rel,abs):   4.330888536475337E-009  1.669342155075725E-007
00:01:17     line search step: 	1 	9.39128793
00:01:17     line search step: 	0.5 	4.67332885
00:01:17     line search step: 	0.25 	2.52865841
00:01:17     line search step: 	0.125 	1.69373549
00:01:18     line search step: 	0.0625 	1.2327241
00:01:18     line search step: 	0.03125 	1.25890279
00:01:18   Newton step: 29	1.2327241
00:01:20     cg matmuls:          331
00:01:20     cg residual (rel,abs):   1.497225864627999E-009  1.082275273335963E-007
00:01:21     line search step: 	1 	5.98861844
00:01:21     line search step: 	0.5 	2.78013494
00:01:21     line search step: 	0.25 	1.70515152
00:01:22     line search step: 	0.125 	1.42323717
00:01:22     line search step: 	0.0625 	1.39713512
00:01:22     line search step: 	0.03125 	1.14228722
00:01:22     line search step: 	0.015625 	1.20667518
00:01:22   Newton step: 30	1.14228722
00:01:25     cg matmuls:          322
00:01:25     cg residual (rel,abs):   2.231271733552588E-009  1.711165021370691E-007
00:01:25     line search step: 	1 	2.04378985
00:01:25     line search step: 	0.5 	1.31598136
00:01:26     line search step: 	0.25 	1.22542708
00:01:26     line search step: 	0.125 	1.25859893
00:01:26     line search step: 	0.0625 	1.26929386
00:01:27     line search step: 	0.03125 	1.00758275
00:01:27     line search step: 	0.015625 	1.10983424
00:01:27   Newton step: 31	1.00758275
00:01:29     cg matmuls:          310
00:01:29     cg residual (rel,abs):   1.814039010961465E-009  1.500160034422257E-007
00:01:29     line search step: 	1 	0.913635421
00:01:29   Newton step: 32	0.913635421
00:01:31     cg matmuls:          291
00:01:31     cg residual (rel,abs):   9.907220238247561E-009  1.775964224610903E-007
00:01:32     line search step: 	1 	16.6078615
00:01:32     line search step: 	0.5 	2.56959499
00:01:32     line search step: 	0.25 	1.59166661
00:01:33     line search step: 	0.125 	0.823831204
00:01:33     line search step: 	0.0625 	0.859733937
00:01:33   Newton step: 33	0.823831204
00:01:35     cg matmuls:          286
00:01:35     cg residual (rel,abs):   1.029276226192550E-008  1.588060807385532E-007
00:01:35     line search step: 	1 	16.5638755
00:01:36     line search step: 	0.5 	0.46464966
00:01:36     line search step: 	0.25 	0.627247467
00:01:36   Newton step: 34	0.46464966
00:01:38     cg matmuls:          289
00:01:38     cg residual (rel,abs):   1.720154988522501E-008  1.327055109615936E-007
00:01:38     line search step: 	1 	16.4168255
00:01:39     line search step: 	0.5 	0.264266371
00:01:39     line search step: 	0.25 	0.353468181
00:01:39   Newton step: 35	0.264266371
00:01:41     cg matmuls:          281
00:01:41     cg residual (rel,abs):   3.651996569188651E-008  1.407063874907764E-007
00:01:41     line search step: 	1 	16.0310944
00:01:42     line search step: 	0.5 	0.165651894
00:01:42     line search step: 	0.25 	0.205601354
00:01:42   Newton step: 36	0.165651894
00:01:44     cg matmuls:          268
00:01:44     cg residual (rel,abs):   7.995537658029162E-008  1.489956687153794E-007
00:01:44     line search step: 	1 	1.88947752
00:01:44     line search step: 	0.5 	0.107376025
00:01:45     line search step: 	0.25 	0.129521202
00:01:45   Newton step: 37	0.107376025
00:01:47     cg matmuls:          258
00:01:47     cg residual (rel,abs):   1.841780942829944E-007  1.635510947821091E-007
00:01:47     line search step: 	1 	0.116988298
00:01:47     line search step: 	0.5 	0.0718991819
00:01:48     line search step: 	0.25 	0.0845627484
00:01:48   Newton step: 38	0.0718991819
00:01:49     cg matmuls:          249
00:01:49     cg residual (rel,abs):   3.465460092963237E-007  1.398252521368146E-007
00:01:50     line search step: 	1 	0.054115274
00:01:50   Newton step: 39	0.054115274
00:01:51     cg matmuls:          192
00:01:51     cg residual (rel,abs):   2.696303262855016E-005  1.527794749330784E-007
00:01:52     line search step: 	1 	0.0130519353
00:01:52   Newton step: 40	0.0130519353
00:01:53     cg matmuls:          170
00:01:53     cg residual (rel,abs):   7.745628152862638E-005  1.509110138718434E-007
00:01:53     line search step: 	1 	0.0016452014
00:01:53   Newton step: 41	0.0016452014
00:01:54 
00:01:54 ********* OUTPUT ***************************************************************
00:01:54 Total Poisson Solution Time: 111.892[s]  (1.86486667[m])
00:01:54   -  Poisson discretization time: 0.214[s]
00:01:54   -  Poisson linear solver time: 56.615[s]
00:01:54 Simulator Run Time: 114.209[s]  (1.90348333[m])
00:01:54 
00:01:54 ================================================================================
00:01:54  DONE.
00:01:54 ================================================================================
