00:00:00 Starting execution as:
00:00:00 C:\Users\kswillic\Documents\nextnano_update_NUSOD\nextnano\2017_07_24\nextnano++\bin 64bit\nextnano++_Intel_64bit.exe --license C:\Users\kswillic\Documents\nextnano\License\license (1).txt --outputdirectory C:\Users\kswillic\Documents\nextnano\Output\TEMPLATE_5Gate_Dop_1.358E15_noRGrid_V1_0.100_V2_0.200_V3_0.200_V4_0.240_V5_0.100 --noautooutdir C:\Users\kswillic\Desktop\Brandon\Shuttling Simulations\TEMPLATE_5Gate_InputFiles\TEMPLATE_5Gate_Dop_1.358E15_noRGrid_V1_0.100_V2_0.200_V3_0.200_V4_0.240_V5_0.100.in 
00:00:00 
00:00:00 nextnano++ (1.4.1) Jun 30 2017
00:00:00 ===========================================================================
00:00:00 COPYRIGHT NOTICE                                                           
00:00:00 ===========================================================================
00:00:00 Please read the file 'copyright_nextnano++.txt' in your installation folder
00:00:00 for further information about source code of third parties that is used    
00:00:00 in the nextnano++ code.                                                    
00:00:00 ===========================================================================
00:00:00 
00:00:00 
00:00:00 =============================================================================
00:00:00  PROCESSING FILE: C:\Users\kswillic\Desktop\Brandon\Shuttling Simulations\TEMPLATE_5Gate_InputFiles\TEMPLATE_5Gate_Dop_1.358E15_noRGrid_V1_0.100_V2_0.200_V3_0.200_V4_0.240_V5_0.100.in
00:00:00 =============================================================================
00:00:00 
00:00:00 Preparing input validator...
00:00:00 Reading input file (C:\Users\kswillic\Desktop\Brandon\Shuttling Simulations\TEMPLATE_5Gate_InputFiles\TEMPLATE_5Gate_Dop_1.358E15_noRGrid_V1_0.100_V2_0.200_V3_0.200_V4_0.240_V5_0.100.in)...
00:00:00 
00:00:00 WARNING: No database defined. Using default one.
00:00:00 
00:00:00 Preparing database validator...
00:00:00 Reading database file (C:\Users\kswillic\Documents\nextnano_update_NUSOD\nextnano\2017_07_24\nextnano++\bin 64bit\..\Syntax\database_nnp.in)...
00:00:00 This license file is specified: C:\Users\kswillic\Documents\nextnano\License\license (1).txt
00:00:00  Reading in license file: C:\Users\kswillic\Documents\nextnano\License\license (1).txt
00:00:00 
00:00:00  ----------------------------------------------------------
00:00:00  License issued to:
00:00:00  First name(s):  Zbigniew
00:00:00  Last name(s):   Wasilewski
00:00:00  Organization:   University of Waterloo
00:00:00  Country:        Canada
00:00:00  email:          zwasilewski@uwaterloo.ca
00:00:00 
00:00:00  License valid until expiry date:
00:00:00  Date: 2019-02-21
00:00:00  License issued:
00:00:00  Date: 2018-02-08
00:00:00 
00:00:00  NOTE: Your license will expire in 16 days.
00:00:00  Found valid license.
00:00:00  ----------------------------------------------------------
00:00:00 
00:00:00 
00:00:00 ********* SETUP SIMULATION *****************************************************
00:00:00 
00:00:00 ********* Rotation Matrix *********
00:00:00  1.0000000,  0.0000000,  0.0000000
00:00:00  0.0000000,  1.0000000,  0.0000000
00:00:00  0.0000000,  0.0000000,  1.0000000
00:00:00 ***********************************
00:00:00 
00:00:00 ********* Simulation Grid *********   Gridsize: 103 * 35 * 78 = 281190
00:00:00 
00:00:00 Start initializing structure.
00:00:00 Finished initializing structure.
00:00:00 Structure initialization time: 0.099[s]
00:00:00 
00:00:00 ***** Quantum Subgrid ******     
00:00:00 Gridsize: 103 * 35 * 6 = 21630
00:00:00 
00:00:00 ********* STRUCTURE OUTPUT *****************************************************
00:00:00 
00:00:00 ********* START CALCULATION ****************************************************
00:00:00 
00:00:00 Determine dirichlet points from contacts...
00:00:01 Intrinsic charge time: 0.498[s]
00:00:01 
00:00:01 Discretizing Poisson equation...
00:00:01 
00:00:01 
00:00:01 ========= STARTING FIRST BIAS SWEEP STEP =======================================
00:00:01 GateContact_1 0.1 V   GateContact_2 0.2 V   GateContact_3 0.2 V   GateContact_4 0.24 V   GateContact_5 0.1 V   SiContact 0 V   
00:00:01 
00:00:01 Determine Fermi level dirichlet values in contacts...
00:00:01 Initialize Fermi levels...
00:00:01      cg started:   0.000000000000000E+000 -9.999999999999997E-007        1000
00:00:01            1  0.977232219562282     
00:00:01            2  0.125628780935670     
00:00:01            3  0.115514058383220     
00:00:01            4  7.442951652255847E-002
00:00:01            5  5.489167500758983E-002
00:00:01            6  3.935010629912707E-002
00:00:01            7  3.088530107987651E-002
00:00:01            8  2.186937773853308E-002
00:00:01            9  1.594569041379888E-002
00:00:01           10  1.205062513584042E-002
00:00:01           11  9.062958510562606E-003
00:00:01           12  5.921676680861434E-003
00:00:01           13  4.425063467845839E-003
00:00:01           14  2.858489397208090E-003
00:00:01           15  2.096791726231964E-003
00:00:01           16  1.461829094817462E-003
00:00:01           17  9.173755283103641E-004
00:00:01           18  6.904994132817005E-004
00:00:01           19  4.996303919604409E-004
00:00:01           20  3.423339414566575E-004
00:00:01           21  2.291281843466777E-004
00:00:01           22  1.343300065229951E-004
00:00:01           23  8.747103900840350E-005
00:00:01           24  6.001249744179082E-005
00:00:01           25  3.744448993483614E-005
00:00:01           26  2.329036659002715E-005
00:00:01           27  1.532087706385231E-005
00:00:01           28  9.740820906909327E-006
00:00:01           29  6.447685714793800E-006
00:00:01           30  4.132493164114111E-006
00:00:01           31  2.720357204409266E-006
00:00:01           32  1.739168586086968E-006
00:00:01           33  1.093091016593747E-006
00:00:01           34  7.690932332034339E-007
00:00:01     cg matmuls:           34
00:00:01     cg residual (rel,abs):   7.870117437879027E-007  8.919931666073744E-007
00:00:01 Fermi level initialization time: 0.469[s]
00:00:01 Initialize contacts as charge neutral...
00:00:01 Determine Potential Dirichlet values in Schottky contacts...
00:00:01 Update contact discretization in Poisson equation...
00:00:01 
00:00:01 Initialize electrostatic potential...
00:00:03 Charge Neutrality time: 1.27[s]
00:00:03 
00:00:03 Solving nonlinear Poisson equation...
00:00:03   Newton step: 1	17317321.5
00:00:04     cg matmuls:           73
00:00:04     cg residual (rel,abs):   5.694133502010586E-012  1.648163079822157E-007
00:00:04     line search step: 	1 	23956738.4
00:00:04     line search step: 	0.5 	12422928.3
00:00:05     line search step: 	0.25 	13436841.6
00:00:05   Newton step: 2	12422928.3
00:00:05     cg matmuls:           62
00:00:05     cg residual (rel,abs):   4.739286015017455E-012  1.233159421777710E-007
00:00:06     line search step: 	1 	2395234.74
00:00:06   Newton step: 3	2395234.74
00:00:06     cg matmuls:           53
00:00:06     cg residual (rel,abs):   2.406947240303539E-011  1.580775779188244E-007
00:00:07     line search step: 	1 	467473.83
00:00:07   Newton step: 4	467473.83
00:00:07     cg matmuls:           51
00:00:07     cg residual (rel,abs):   8.034508669051994E-011  1.380919232374995E-007
00:00:08     line search step: 	1 	99764.4568
00:00:08   Newton step: 5	99764.4568
00:00:08     cg matmuls:           49
00:00:08     cg residual (rel,abs):   2.889408906776408E-010  1.449766413202713E-007
00:00:09     line search step: 	1 	20985.8414
00:00:09   Newton step: 6	20985.8414
00:00:09     cg matmuls:           49
00:00:09     cg residual (rel,abs):   1.050981911445162E-009  1.443107976308684E-007
00:00:10     line search step: 	1 	3995.07697
00:00:10   Newton step: 7	3995.07697
00:00:10     cg matmuls:           53
00:00:10     cg residual (rel,abs):   2.637579239068750E-009  1.170196141336173E-007
00:00:11     line search step: 	1 	763.873336
00:00:11   Newton step: 8	763.873336
00:00:11     cg matmuls:           57
00:00:11     cg residual (rel,abs):   3.259443663295800E-009  1.389296411896236E-007
00:00:12     line search step: 	1 	175.237015
00:00:12   Newton step: 9	175.237015
00:00:12     cg matmuls:           66
00:00:12     cg residual (rel,abs):   2.235727969663162E-009  1.370649120170774E-007
00:00:13     line search step: 	1 	91.8783282
00:00:13   Newton step: 10	91.8783282
00:00:14     cg matmuls:           82
00:00:14     cg residual (rel,abs):   1.807563807669729E-009  1.503812280985295E-007
00:00:14     line search step: 	1 	67.3040801
00:00:14   Newton step: 11	67.3040801
00:00:15     cg matmuls:          108
00:00:15     cg residual (rel,abs):   1.134952809915581E-009  1.402671700252058E-007
00:00:15     line search step: 	1 	51.1886169
00:00:15   Newton step: 12	51.1886169
00:00:16     cg matmuls:          132
00:00:16     cg residual (rel,abs):   8.649471584622287E-010  1.558220366283059E-007
00:00:17     line search step: 	1 	37.1764207
00:00:17   Newton step: 13	37.1764207
00:00:18     cg matmuls:          168
00:00:18     cg residual (rel,abs):   8.258669569854238E-010  1.661161058997495E-007
00:00:18     line search step: 	1 	41.2400873
00:00:19     line search step: 	0.5 	27.7404579
00:00:19     line search step: 	0.25 	29.5472656
00:00:19   Newton step: 14	27.7404579
00:00:21     cg matmuls:          194
00:00:21     cg residual (rel,abs):   6.025601185064651E-010  1.500191479644558E-007
00:00:21     line search step: 	1 	106.621271
00:00:21     line search step: 	0.5 	55.2639938
00:00:21     line search step: 	0.25 	33.9547049
00:00:22     line search step: 	0.125 	27.7854583
00:00:22     line search step: 	0.0625 	26.9323772
00:00:22     line search step: 	0.03125 	27.1155387
00:00:22   Newton step: 15	26.9323772
00:00:24     cg matmuls:          268
00:00:24     cg residual (rel,abs):   2.180295060382587E-010  1.373035438730345E-007
00:00:25     line search step: 	1 	68.4801871
00:00:25     line search step: 	0.5 	36.7270453
00:00:25     line search step: 	0.25 	26.3033083
00:00:26     line search step: 	0.125 	24.8323573
00:00:26     line search step: 	0.0625 	25.4291817
00:00:26   Newton step: 16	24.8323573
00:00:28     cg matmuls:          281
00:00:28     cg residual (rel,abs):   1.696701338764357E-010  1.220004311259745E-007
00:00:28     line search step: 	1 	101.466374
00:00:29     line search step: 	0.5 	52.1950361
00:00:29     line search step: 	0.25 	31.4106437
00:00:29     line search step: 	0.125 	25.1176461
00:00:29     line search step: 	0.0625 	24.1063696
00:00:30     line search step: 	0.03125 	24.25514
00:00:30   Newton step: 17	24.1063696
00:00:32     cg matmuls:          358
00:00:32     cg residual (rel,abs):   1.035844581047213E-010  1.546886963378444E-007
00:00:33     line search step: 	1 	9.76131331
00:00:33   Newton step: 18	9.76131331
00:00:35     cg matmuls:          351
00:00:35     cg residual (rel,abs):   3.085966234658477E-010  1.556500276770005E-007
00:00:35     line search step: 	1 	3.01497543
00:00:35   Newton step: 19	3.01497543
00:00:38     cg matmuls:          338
00:00:38     cg residual (rel,abs):   1.252568714652990E-009  1.657667834092829E-007
00:00:38     line search step: 	1 	3.01879103
00:00:38     line search step: 	0.5 	1.52086203
00:00:39     line search step: 	0.25 	1.65262512
00:00:39   Newton step: 20	1.52086203
00:00:41     cg matmuls:          367
00:00:41     cg residual (rel,abs):   8.403868020998723E-010  1.445683233685963E-007
00:00:42     line search step: 	1 	7.8860976
00:00:42     line search step: 	0.5 	5.60270563
00:00:42     line search step: 	0.25 	2.98064966
00:00:43     line search step: 	0.125 	1.54787736
00:00:43     line search step: 	0.0625 	1.42827386
00:00:43     line search step: 	0.03125 	1.47399417
00:00:43   Newton step: 21	1.42827386
00:00:46     cg matmuls:          375
00:00:46     cg residual (rel,abs):   7.926489910727220E-010  1.703115564872192E-007
00:00:46     line search step: 	1 	9.99436443
00:00:46     line search step: 	0.5 	7.41380061
00:00:47     line search step: 	0.25 	2.98952948
00:00:47     line search step: 	0.125 	1.56333463
00:00:47     line search step: 	0.0625 	1.54222776
00:00:48     line search step: 	0.03125 	1.45227011
00:00:48     line search step: 	0.015625 	1.40611128
00:00:48     line search step: 	0.0078125 	1.4171581
00:00:48   Newton step: 22	1.40611128
00:00:51     cg matmuls:          384
00:00:51     cg residual (rel,abs):   7.310897212615409E-010  1.660937511298661E-007
00:00:51     line search step: 	1 	12.6034993
00:00:51     line search step: 	0.5 	9.62291311
00:00:52     line search step: 	0.25 	3.8804346
00:00:52     line search step: 	0.125 	2.9549852
00:00:52     line search step: 	0.0625 	1.54494732
00:00:53     line search step: 	0.03125 	1.53753919
00:00:53     line search step: 	0.015625 	1.46808596
00:00:53     line search step: 	0.0078125 	1.39748886
00:00:53     line search step: 	0.00390625 	1.40063565
00:00:53   Newton step: 23	1.39748886
00:00:56     cg matmuls:          360
00:00:56     cg residual (rel,abs):   1.994362928308167E-009  1.613347374858177E-007
00:00:56     line search step: 	1 	12.168013
00:00:57     line search step: 	0.5 	4.67000645
00:00:57     line search step: 	0.25 	2.20129432
00:00:57     line search step: 	0.125 	1.65042833
00:00:57     line search step: 	0.0625 	1.52270108
00:00:58     line search step: 	0.03125 	1.47968958
00:00:58     line search step: 	0.015625 	1.40713626
00:00:58     line search step: 	0.0078125 	1.38878911
00:00:59     line search step: 	0.00390625 	1.3917788
00:00:59   Newton step: 24	1.38878911
00:01:01     cg matmuls:          354
00:01:01     cg residual (rel,abs):   1.440409026903677E-009  1.316327887155279E-007
00:01:01     line search step: 	1 	20.9828569
00:01:02     line search step: 	0.5 	6.39177601
00:01:02     line search step: 	0.25 	3.30370803
00:01:02     line search step: 	0.125 	1.98745013
00:01:03     line search step: 	0.0625 	1.4128595
00:01:03     line search step: 	0.03125 	1.32340839
00:01:03     line search step: 	0.015625 	1.34933063
00:01:03   Newton step: 25	1.32340839
00:01:06     cg matmuls:          351
00:01:06     cg residual (rel,abs):   1.770343266672678E-009  1.767371431271966E-007
00:01:06     line search step: 	1 	19.5242117
00:01:06     line search step: 	0.5 	5.13666743
00:01:07     line search step: 	0.25 	2.72272012
00:01:07     line search step: 	0.125 	1.7600086
00:01:07     line search step: 	0.0625 	1.49348207
00:01:07     line search step: 	0.03125 	1.25753246
00:01:08     line search step: 	0.015625 	1.29461321
00:01:08   Newton step: 26	1.25753246
00:01:10     cg matmuls:          339
00:01:10     cg residual (rel,abs):   1.642163808485825E-009  1.588177702270260E-007
00:01:10     line search step: 	1 	17.1613741
00:01:11     line search step: 	0.5 	2.31230372
00:01:11     line search step: 	0.25 	1.55887037
00:01:11     line search step: 	0.125 	1.39776594
00:01:12     line search step: 	0.0625 	1.39509034
00:01:12     line search step: 	0.03125 	1.05798132
00:01:12     line search step: 	0.015625 	1.22890826
00:01:12   Newton step: 27	1.05798132
00:01:15     cg matmuls:          324
00:01:15     cg residual (rel,abs):   1.821134594757963E-009  1.706223711849197E-007
00:01:15     line search step: 	1 	16.6201439
00:01:15     line search step: 	0.5 	0.645969114
00:01:15     line search step: 	0.25 	0.771259672
00:01:15   Newton step: 28	0.645969114
00:01:18     cg matmuls:          310
00:01:18     cg residual (rel,abs):   3.702844742581526E-009  1.734640841149313E-007
00:01:18     line search step: 	1 	16.6132666
00:01:18     line search step: 	0.5 	0.478186412
00:01:19     line search step: 	0.25 	0.519019045
00:01:19   Newton step: 29	0.478186412
00:01:21     cg matmuls:          305
00:01:21     cg residual (rel,abs):   6.064748353657579E-009  1.420602346402947E-007
00:01:21     line search step: 	1 	16.6072493
00:01:21     line search step: 	0.5 	0.35928313
00:01:22     line search step: 	0.25 	0.383848385
00:01:22   Newton step: 30	0.35928313
00:01:24     cg matmuls:          304
00:01:24     cg residual (rel,abs):   1.253543222894875E-008  1.468255285251121E-007
00:01:24     line search step: 	1 	16.6043536
00:01:24     line search step: 	0.5 	2.52263192
00:01:25     line search step: 	0.25 	0.683732923
00:01:25     line search step: 	0.125 	0.319605992
00:01:25     line search step: 	0.0625 	0.338321183
00:01:25   Newton step: 31	0.319605992
00:01:27     cg matmuls:          302
00:01:27     cg residual (rel,abs):   1.575521214870194E-008  1.614534614590347E-007
00:01:28     line search step: 	1 	16.6036998
00:01:28     line search step: 	0.5 	2.51996596
00:01:28     line search step: 	0.25 	1.69363296
00:01:29     line search step: 	0.125 	0.575559437
00:01:29     line search step: 	0.0625 	0.300704031
00:01:29     line search step: 	0.03125 	0.309914714
00:01:29   Newton step: 32	0.300704031
00:01:31     cg matmuls:          299
00:01:31     cg residual (rel,abs):   1.900891753785346E-008  1.439273137228711E-007
00:01:32     line search step: 	1 	16.6030204
00:01:32     line search step: 	0.5 	2.51734403
00:01:32     line search step: 	0.25 	1.95238231
00:01:33     line search step: 	0.125 	1.34570216
00:01:33     line search step: 	0.0625 	0.527190287
00:01:33     line search step: 	0.03125 	0.293074342
00:01:33     line search step: 	0.015625 	0.296080574
00:01:33   Newton step: 33	0.293074342
00:01:36     cg matmuls:          302
00:01:36     cg residual (rel,abs):   2.259377790877914E-008  1.643407962022248E-007
00:01:36     line search step: 	1 	16.5956736
00:01:36     line search step: 	0.5 	2.11045668
00:01:37     line search step: 	0.25 	1.15175629
00:01:37     line search step: 	0.125 	0.680837103
00:01:37     line search step: 	0.0625 	0.321774223
00:01:37     line search step: 	0.03125 	0.285324659
00:01:38     line search step: 	0.015625 	0.288647976
00:01:38   Newton step: 34	0.285324659
00:01:40     cg matmuls:          293
00:01:40     cg residual (rel,abs):   1.940918314945161E-008  1.367292026637054E-007
00:01:40     line search step: 	1 	16.5924714
00:01:40     line search step: 	0.5 	1.37788326
00:01:41     line search step: 	0.25 	0.379730919
00:01:41     line search step: 	0.125 	0.262042897
00:01:41     line search step: 	0.0625 	0.269476953
00:01:41   Newton step: 35	0.262042897
00:01:43     cg matmuls:          290
00:01:43     cg residual (rel,abs):   2.760898581161204E-008  1.701779563902000E-007
00:01:44     line search step: 	1 	16.5816272
00:01:44     line search step: 	0.5 	0.686330506
00:01:44     line search step: 	0.25 	0.217468063
00:01:45     line search step: 	0.125 	0.232534482
00:01:45   Newton step: 36	0.217468063
00:01:47     cg matmuls:          287
00:01:47     cg residual (rel,abs):   3.848659595288859E-008  1.779238110314586E-007
00:01:47     line search step: 	1 	16.5525773
00:01:47     line search step: 	0.5 	0.43073082
00:01:48     line search step: 	0.25 	0.173546362
00:01:48     line search step: 	0.125 	0.192429713
00:01:48   Newton step: 37	0.173546362
00:01:50     cg matmuls:          287
00:01:50     cg residual (rel,abs):   4.232318525619458E-008  1.467495245792762E-007
00:01:50     line search step: 	1 	16.5193641
00:01:51     line search step: 	0.5 	0.21760347
00:01:51     line search step: 	0.25 	0.133568804
00:01:51     line search step: 	0.125 	0.152544439
00:01:51   Newton step: 38	0.133568804
00:01:53     cg matmuls:          280
00:01:53     cg residual (rel,abs):   6.104852099212005E-008  1.587624122994190E-007
00:01:53     line search step: 	1 	16.427993
00:01:54     line search step: 	0.5 	0.0875217884
00:01:54     line search step: 	0.25 	0.101174464
00:01:54   Newton step: 39	0.0875217884
00:01:56     cg matmuls:          269
00:01:56     cg residual (rel,abs):   1.295155216073004E-007  1.674596563889760E-007
00:01:56     line search step: 	1 	16.3495671
00:01:57     line search step: 	0.5 	0.0597605128
00:01:57     line search step: 	0.25 	0.0701255301
00:01:57   Newton step: 40	0.0597605128
00:01:59     cg matmuls:          267
00:01:59     cg residual (rel,abs):   6.961638158797993E-007  1.416649990872279E-007
00:01:59     line search step: 	1 	1.8681116
00:01:59     line search step: 	0.5 	0.0332231348
00:02:00     line search step: 	0.25 	0.044904297
00:02:00   Newton step: 41	0.0332231348
00:02:01     cg matmuls:          220
00:02:01     cg residual (rel,abs):   5.767043917906337E-006  1.540559548767637E-007
00:02:02     line search step: 	1 	0.0028731083
00:02:02   Newton step: 42	0.0028731083
00:02:03     cg matmuls:          149
00:02:03     cg residual (rel,abs):   1.826237907046723E-004  1.293804939937995E-007
00:02:03     line search step: 	1 	0.000232409019
00:02:03   Newton step: 43	0.000232409019
00:02:04 
00:02:04 ********* OUTPUT ***************************************************************
00:02:04 Total Poisson Solution Time: 121.99[s]  (2.03316667[m])
00:02:04   -  Poisson discretization time: 0.212[s]
00:02:04   -  Poisson linear solver time: 62.245[s]  (1.03741667[m])
00:02:04 Simulator Run Time: 124.394[s]  (2.07323333[m])
00:02:04 
00:02:04 ================================================================================
00:02:04  DONE.
00:02:04 ================================================================================
